<?xml version="1.0" encoding="UTF-8"?>
<!-- Generated by org.testng.reporters.JUnitXMLReporter -->
<testsuite ignored="1" hostname="DESKTOP-O7UM0M3" failures="0" tests="1" name="Surefire test" time="0.038" errors="0" timestamp="2024-01-24T09:08:53 GMT">
  <testcase classname="TestScript.BaseTest" name="@BeforeSuite Setup" time="-1.706087333387E9">
    <failure type="org.testng.TestNGException" message="
Parameter &amp;apos;Browser&amp;apos; is required by BeforeSuite on method Setup but has not been marked @Optional or defined
">
      <![CDATA[org.testng.TestNGException: 
Parameter 'Browser' is required by BeforeSuite on method Setup but has not been marked @Optional or defined

... Removed 21 stack frames]]>
    </failure>
  </testcase> <!-- @BeforeSuite Setup -->
  <testcase classname="TestScript.BaseTest" name="@AfterClass tearDown" time="-1.70608733345E9">
    <skipped/>
  </testcase> <!-- @AfterClass tearDown -->
  <testcase classname="TestScript.NSEIndiaStock_Test" name="testStockInformation" time="0.0">
    <skipped/>
  </testcase> <!-- testStockInformation -->
  <testcase classname="TestScript.BaseTest" name="@BeforeSuite Setup" time="0.0">
    <ignored/>
  </testcase> <!-- @BeforeSuite Setup -->
</testsuite> <!-- Surefire test -->
